<?xml version="1.0" encoding="UTF-8"?>
<testsuite xmlns:xsi="http://www.w3.org/2001/XMLSchema-instance" xsi:schemaLocation="https://maven.apache.org/surefire/maven-surefire-plugin/xsd/surefire-test-report.xsd" name="TestSuite" time="1.359" tests="10" errors="0" skipped="2" failures="4">
  <properties>
[...]
</properties>
  <testcase name="example1" classname="com.test.Test1" time="0.087">
    <failure message="This test should be failed expected [3] but found [2]" type="java.lang.AssertionError">java.lang.AssertionError: This test should be failed expected [3] but found [2]
	at com.test.Test1.example1(Test1.java:14)
</failure>
    <system-out><![CDATA[...
... TestNG 6.14.3 by Cédric Beust (cedric@beust.com)
...

]]></system-out>
    <system-err><![CDATA[SLF4J: Failed to load class "org.slf4j.impl.StaticLoggerBinder".
SLF4J: Defaulting to no-operation (NOP) logger implementation
SLF4J: See http://www.slf4j.org/codes.html#StaticLoggerBinder for further details.
]]></system-err>
  </testcase>
  <testcase name="example2" classname="com.test.Test1" time="0.002"/>
  <testcase name="example3" classname="com.test.Test1" time="0.001"/>
  <testcase name="example4" classname="com.test.Test1" time="0.001">
    <failure message="This test should be failed" type="java.lang.AssertionError">java.lang.AssertionError: This test should be failed
	at com.test.Test1.example4(Test1.java:29)
</failure>
  </testcase>
  <testcase name="skippedByDependencyTest" classname="com.test.Test1" time="0">
    <skipped message="Method Test1.skippedByDependencyTest()[pri:0, instance:com.test.Test1@60957c0f] depends on not successfully finished methods"/>
  </testcase>
  <testcase name="test1" classname="com.test.Test2" time="0.001">
    <failure message="expected [3] but found [2]" type="java.lang.AssertionError">java.lang.AssertionError: expected [3] but found [2]
	at com.test.Test2.test1(Test2.java:14)
</failure>
  </testcase>
  <testcase name="test2" classname="com.test.Test2" time="0.002"/>
  <testcase name="test3" classname="com.test.Test2" time="0.001"/>
  <testcase name="test4" classname="com.test.Test2" time="0.002">
    <failure message="This test should be failed" type="java.lang.AssertionError">java.lang.AssertionError: This test should be failed
	at com.test.Test2.test4(Test2.java:29)
</failure>
  </testcase>
  <testcase name="skippedByDependencyTest" classname="com.test.Test2" time="0">
    <skipped message="Method Test2.skippedByDependencyTest()[pri:0, instance:com.test.Test2@293a5f75] depends on not successfully finished methods"/>
  </testcase>
</testsuite>