<?xml version="1.0" encoding="UTF-8"?>
<!-- Generated by org.testng.reporters.JUnitXMLReporter -->
<testsuite hostname="DESKTOP-UOOK2F9" ignored="0" name="User Tests" tests="10" failures="4" timestamp="15 Feb 2021 01:48:28 GMT" time="0.25" errors="0">
  <testcase name="example1" time="0.071" classname="com.test.Test1">
    <failure type="java.lang.AssertionError" message="This test should be failed expected [3] but found [2]">
      <![CDATA[java.lang.AssertionError: This test should be failed expected [3] but found [2]
at com.test.Test1.example1(Test1.java:14)
... Removed 33 stack frames]]>
    </failure>
  </testcase> <!-- example1 -->
  <testcase name="example2" time="0.002" classname="com.test.Test1"/>
  <testcase name="example3" time="0.001" classname="com.test.Test1"/>
  <testcase name="example4" time="0.002" classname="com.test.Test1">
    <failure type="java.lang.AssertionError" message="This test should be failed">
      <![CDATA[java.lang.AssertionError: This test should be failed
at com.test.Test1.example4(Test1.java:29)
... Removed 29 stack frames]]>
    </failure>
  </testcase> <!-- example4 -->
  <testcase name="skippedByDependencyTest" time="0.0" classname="com.test.Test1">
    <skipped/>
  </testcase> <!-- skippedByDependencyTest -->
  <testcase name="test1" time="0.001" classname="com.test.Test2">
    <failure type="java.lang.AssertionError" message="expected [3] but found [2]">
      <![CDATA[java.lang.AssertionError: expected [3] but found [2]
at com.test.Test2.test1(Test2.java:14)
... Removed 34 stack frames]]>
    </failure>
  </testcase> <!-- test1 -->
  <testcase name="test2" time="0.001" classname="com.test.Test2"/>
  <testcase name="test3" time="0.002" classname="com.test.Test2"/>
  <testcase name="test4" time="0.001" classname="com.test.Test2">
    <failure type="java.lang.AssertionError" message="This test should be failed">
      <![CDATA[java.lang.AssertionError: This test should be failed
at com.test.Test2.test4(Test2.java:29)
... Removed 29 stack frames]]>
    </failure>
  </testcase> <!-- test4 -->
  <testcase name="skippedByDependencyTest" time="0.0" classname="com.test.Test2">
    <skipped/>
  </testcase> <!-- skippedByDependencyTest -->
</testsuite> <!-- User Tests -->
