<?xml version="1.0" encoding="UTF-8"?>
<testng-results skipped="0" failed="0" ignored="0" total="2" passed="2">
  <reporter-output>
    <line>
      <![CDATA[Keyword entered is : Selenium Hyd]]>
    </line>
    <line>
      <![CDATA[Search results are displayed.]]>
    </line>
    <line>
      <![CDATA[Keyword entered is : Jira US]]>
    </line>
    <line>
      <![CDATA[Search results are displayed.]]>
    </line>
  </reporter-output>
  <suite name="Default suite" duration-ms="11374" started-at="2021-03-21T00:51:25 CDT" finished-at="2021-03-21T00:51:37 CDT">
    <groups>
    </groups>
    <test name="Default test" duration-ms="11374" started-at="2021-03-21T00:51:25 CDT" finished-at="2021-03-21T00:51:37 CDT">
      <class name="utils.ExcelDataProvider">
        <test-method status="PASS" signature="setUp()[pri:0, instance:utils.ExcelDataProvider@3c0fae6c]" name="setUp" is-config="true" duration-ms="3956" started-at="2021-03-21T00:51:26 CDT" finished-at="2021-03-21T00:51:30 CDT">
          <reporter-output>
          </reporter-output>
        </test-method> <!-- setUp -->
        <test-method status="PASS" signature="search(java.lang.String, java.lang.String)[pri:0, instance:utils.ExcelDataProvider@3c0fae6c]" name="search" duration-ms="1315" started-at="2021-03-21T00:51:30 CDT" data-provider="excel-data" finished-at="2021-03-21T00:51:32 CDT">
          <params>
            <param index="0">
              <value>
                <![CDATA[Selenium]]>
              </value>
            </param>
            <param index="1">
              <value>
                <![CDATA[Hyd]]>
              </value>
            </param>
          </params>
          <reporter-output>
            <line>
              <![CDATA[Keyword entered is : Selenium Hyd]]>
            </line>
            <line>
              <![CDATA[Search results are displayed.]]>
            </line>
          </reporter-output>
        </test-method> <!-- search -->
        <test-method status="PASS" signature="burnDown()[pri:0, instance:utils.ExcelDataProvider@3c0fae6c]" name="burnDown" is-config="true" duration-ms="671" started-at="2021-03-21T00:51:32 CDT" finished-at="2021-03-21T00:51:32 CDT">
          <reporter-output>
          </reporter-output>
        </test-method> <!-- burnDown -->
        <test-method status="PASS" signature="setUp()[pri:0, instance:utils.ExcelDataProvider@3c0fae6c]" name="setUp" is-config="true" duration-ms="2670" started-at="2021-03-21T00:51:32 CDT" finished-at="2021-03-21T00:51:35 CDT">
          <reporter-output>
          </reporter-output>
        </test-method> <!-- setUp -->
        <test-method status="PASS" signature="search(java.lang.String, java.lang.String)[pri:0, instance:utils.ExcelDataProvider@3c0fae6c]" name="search" duration-ms="1171" started-at="2021-03-21T00:51:35 CDT" data-provider="excel-data" finished-at="2021-03-21T00:51:36 CDT">
          <params>
            <param index="0">
              <value>
                <![CDATA[Jira]]>
              </value>
            </param>
            <param index="1">
              <value>
                <![CDATA[US]]>
              </value>
            </param>
          </params>
          <reporter-output>
            <line>
              <![CDATA[Keyword entered is : Jira US]]>
            </line>
            <line>
              <![CDATA[Search results are displayed.]]>
            </line>
          </reporter-output>
        </test-method> <!-- search -->
        <test-method status="PASS" signature="burnDown()[pri:0, instance:utils.ExcelDataProvider@3c0fae6c]" name="burnDown" is-config="true" duration-ms="669" started-at="2021-03-21T00:51:36 CDT" finished-at="2021-03-21T00:51:37 CDT">
          <reporter-output>
          </reporter-output>
        </test-method> <!-- burnDown -->
      </class> <!-- utils.ExcelDataProvider -->
    </test> <!-- Default test -->
  </suite> <!-- Default suite -->
</testng-results>
